d:\2018-10-23\vlwin2018-master\houselensuploader\x64\release\applicationdefine.obj
d:\2018-10-23\vlwin2018-master\houselensuploader\x64\release\dngconverter.obj
d:\2018-10-23\vlwin2018-master\houselensuploader\x64\release\ftpuploadermanager.obj
d:\2018-10-23\vlwin2018-master\houselensuploader\x64\release\main.obj
d:\2018-10-23\vlwin2018-master\houselensuploader\x64\release\mysettings.obj
d:\2018-10-23\vlwin2018-master\houselensuploader\x64\release\propertyanimation.obj
d:\2018-10-23\vlwin2018-master\houselensuploader\x64\release\sequentialanimationgroup.obj
d:\2018-10-23\vlwin2018-master\houselensuploader\x64\release\shoottitledatasource.obj
d:\2018-10-23\vlwin2018-master\houselensuploader\x64\release\taskwidget.obj
d:\2018-10-23\vlwin2018-master\houselensuploader\x64\release\moc_qprogressindicator.obj
d:\2018-10-23\vlwin2018-master\houselensuploader\x64\release\moc_filecopier.obj
d:\2018-10-23\vlwin2018-master\houselensuploader\x64\release\moc_imageviewer.obj
d:\2018-10-23\vlwin2018-master\houselensuploader\x64\release\moc_mysettings.obj
d:\2018-10-23\vlwin2018-master\houselensuploader\x64\release\moc_scrollarea.obj
d:\2018-10-23\vlwin2018-master\houselensuploader\x64\release\moc_servertablemodel.obj
d:\2018-10-23\vlwin2018-master\houselensuploader\x64\release\moc_tasklistcontainer.obj
d:\2018-10-23\vlwin2018-master\houselensuploader\x64\release\moc_zipper.obj
d:\2018-10-23\vlwin2018-master\houselensuploader\x64\release\error.obj
d:\2018-10-23\vlwin2018-master\houselensuploader\x64\release\exttablemodel.obj
d:\2018-10-23\vlwin2018-master\houselensuploader\x64\release\imagecompressor.obj
d:\2018-10-23\vlwin2018-master\houselensuploader\x64\release\mainwindow.obj
d:\2018-10-23\vlwin2018-master\houselensuploader\x64\release\preferencedialog.obj
d:\2018-10-23\vlwin2018-master\houselensuploader\x64\release\servertablemodel.obj
d:\2018-10-23\vlwin2018-master\houselensuploader\x64\release\tablemodel.obj
d:\2018-10-23\vlwin2018-master\houselensuploader\x64\release\webservicenotifier.obj
d:\2018-10-23\vlwin2018-master\houselensuploader\x64\release\moc_comboboxitemdelegate.obj
d:\2018-10-23\vlwin2018-master\houselensuploader\x64\release\moc_ftpuploadermanager.obj
d:\2018-10-23\vlwin2018-master\houselensuploader\x64\release\moc_mainwindow.obj
d:\2018-10-23\vlwin2018-master\houselensuploader\x64\release\moc_propertyanimation.obj
d:\2018-10-23\vlwin2018-master\houselensuploader\x64\release\moc_sequentialanimationgroup.obj
d:\2018-10-23\vlwin2018-master\houselensuploader\x64\release\moc_tablemodel.obj
d:\2018-10-23\vlwin2018-master\houselensuploader\x64\release\moc_webservicenotifier.obj
d:\2018-10-23\vlwin2018-master\houselensuploader\x64\release\comboboxitemdelegate.obj
d:\2018-10-23\vlwin2018-master\houselensuploader\x64\release\ftpuploader.obj
d:\2018-10-23\vlwin2018-master\houselensuploader\x64\release\mailsender.obj
d:\2018-10-23\vlwin2018-master\houselensuploader\x64\release\movieconverter.obj
d:\2018-10-23\vlwin2018-master\houselensuploader\x64\release\preference.obj
d:\2018-10-23\vlwin2018-master\houselensuploader\x64\release\scrollareaviewportwidget.obj
d:\2018-10-23\vlwin2018-master\houselensuploader\x64\release\shelltask.obj
d:\2018-10-23\vlwin2018-master\houselensuploader\x64\release\tasklistcontainer.obj
d:\2018-10-23\vlwin2018-master\houselensuploader\x64\release\zipper.obj
d:\2018-10-23\vlwin2018-master\houselensuploader\x64\release\moc_dngconverter.obj
d:\2018-10-23\vlwin2018-master\houselensuploader\x64\release\moc_ftpuploader.obj
d:\2018-10-23\vlwin2018-master\houselensuploader\x64\release\moc_mailsender.obj
d:\2018-10-23\vlwin2018-master\houselensuploader\x64\release\moc_parallelanimationgroup.obj
d:\2018-10-23\vlwin2018-master\houselensuploader\x64\release\moc_preferencedialog.obj
d:\2018-10-23\vlwin2018-master\houselensuploader\x64\release\moc_settingfactory.obj
d:\2018-10-23\vlwin2018-master\houselensuploader\x64\release\moc_taskeditwidget.obj
d:\2018-10-23\vlwin2018-master\houselensuploader\x64\release\qrc_resource.obj
d:\2018-10-23\vlwin2018-master\houselensuploader\x64\release\qprogressindicator.obj
d:\2018-10-23\vlwin2018-master\houselensuploader\x64\release\filecopier.obj
d:\2018-10-23\vlwin2018-master\houselensuploader\x64\release\imageviewer.obj
d:\2018-10-23\vlwin2018-master\houselensuploader\x64\release\parallelanimationgroup.obj
d:\2018-10-23\vlwin2018-master\houselensuploader\x64\release\scrollarea.obj
d:\2018-10-23\vlwin2018-master\houselensuploader\x64\release\settingfactory.obj
d:\2018-10-23\vlwin2018-master\houselensuploader\x64\release\taskeditwidget.obj
d:\2018-10-23\vlwin2018-master\houselensuploader\x64\release\moc_error.obj
d:\2018-10-23\vlwin2018-master\houselensuploader\x64\release\moc_exttablemodel.obj
d:\2018-10-23\vlwin2018-master\houselensuploader\x64\release\moc_imagecompressor.obj
d:\2018-10-23\vlwin2018-master\houselensuploader\x64\release\moc_movieconverter.obj
d:\2018-10-23\vlwin2018-master\houselensuploader\x64\release\moc_preference.obj
d:\2018-10-23\vlwin2018-master\houselensuploader\x64\release\moc_scrollareaviewportwidget.obj
d:\2018-10-23\vlwin2018-master\houselensuploader\x64\release\moc_shelltask.obj
d:\2018-10-23\vlwin2018-master\houselensuploader\x64\release\moc_taskwidget.obj
d:\2018-10-23\vlwin2018-master\houselensuploader\release\moc_predefs.h
d:\2018-10-23\vlwin2018-master\houselensuploader\generatedfiles\release\moc_error.cpp
d:\2018-10-23\vlwin2018-master\houselensuploader\generatedfiles\release\moc_qprogressindicator.cpp
d:\2018-10-23\vlwin2018-master\houselensuploader\generatedfiles\release\moc_comboboxitemdelegate.cpp
d:\2018-10-23\vlwin2018-master\houselensuploader\generatedfiles\release\moc_dngconverter.cpp
d:\2018-10-23\vlwin2018-master\houselensuploader\generatedfiles\release\moc_exttablemodel.cpp
d:\2018-10-23\vlwin2018-master\houselensuploader\generatedfiles\release\moc_filecopier.cpp
d:\2018-10-23\vlwin2018-master\houselensuploader\generatedfiles\release\moc_ftpuploader.cpp
d:\2018-10-23\vlwin2018-master\houselensuploader\generatedfiles\release\moc_ftpuploadermanager.cpp
d:\2018-10-23\vlwin2018-master\houselensuploader\generatedfiles\release\moc_imagecompressor.cpp
d:\2018-10-23\vlwin2018-master\houselensuploader\generatedfiles\release\moc_imageviewer.cpp
d:\2018-10-23\vlwin2018-master\houselensuploader\generatedfiles\release\moc_mailsender.cpp
d:\2018-10-23\vlwin2018-master\houselensuploader\generatedfiles\release\moc_mainwindow.cpp
d:\2018-10-23\vlwin2018-master\houselensuploader\generatedfiles\release\moc_movieconverter.cpp
d:\2018-10-23\vlwin2018-master\houselensuploader\generatedfiles\release\moc_mysettings.cpp
d:\2018-10-23\vlwin2018-master\houselensuploader\generatedfiles\release\moc_parallelanimationgroup.cpp
d:\2018-10-23\vlwin2018-master\houselensuploader\generatedfiles\release\moc_preference.cpp
d:\2018-10-23\vlwin2018-master\houselensuploader\generatedfiles\release\moc_preferencedialog.cpp
d:\2018-10-23\vlwin2018-master\houselensuploader\generatedfiles\release\moc_propertyanimation.cpp
d:\2018-10-23\vlwin2018-master\houselensuploader\generatedfiles\release\moc_scrollarea.cpp
d:\2018-10-23\vlwin2018-master\houselensuploader\generatedfiles\release\moc_scrollareaviewportwidget.cpp
d:\2018-10-23\vlwin2018-master\houselensuploader\generatedfiles\release\moc_sequentialanimationgroup.cpp
d:\2018-10-23\vlwin2018-master\houselensuploader\generatedfiles\release\moc_servertablemodel.cpp
d:\2018-10-23\vlwin2018-master\houselensuploader\generatedfiles\release\moc_settingfactory.cpp
d:\2018-10-23\vlwin2018-master\houselensuploader\generatedfiles\release\moc_shelltask.cpp
d:\2018-10-23\vlwin2018-master\houselensuploader\generatedfiles\release\moc_tablemodel.cpp
d:\2018-10-23\vlwin2018-master\houselensuploader\generatedfiles\release\moc_taskeditwidget.cpp
d:\2018-10-23\vlwin2018-master\houselensuploader\generatedfiles\release\moc_tasklistcontainer.cpp
d:\2018-10-23\vlwin2018-master\houselensuploader\generatedfiles\release\moc_taskwidget.cpp
d:\2018-10-23\vlwin2018-master\houselensuploader\generatedfiles\release\moc_webservicenotifier.cpp
d:\2018-10-23\vlwin2018-master\houselensuploader\generatedfiles\release\moc_zipper.cpp
d:\2018-10-23\vlwin2018-master\houselensuploader\generatedfiles\qrc_resource.cpp
d:\2018-10-23\vlwin2018-master\houselensuploader\generatedfiles\ui_mainwindow.h
d:\2018-10-23\vlwin2018-master\houselensuploader\generatedfiles\ui_preferencedialog.h
d:\2018-10-23\vlwin2018-master\houselensuploader\generatedfiles\ui_taskeditwidget.h
d:\2018-10-23\vlwin2018-master\houselensuploader\generatedfiles\ui_taskwidget.h
d:\2018-10-23\vlwin2018-master\houselensuploader\release\houselensuploader.exe
d:\2018-10-23\vlwin2018-master\houselensuploader\.\generatedfiles\release\moc_error.cpp
d:\2018-10-23\vlwin2018-master\houselensuploader\.\generatedfiles\release\moc_qprogressindicator.cpp
d:\2018-10-23\vlwin2018-master\houselensuploader\.\generatedfiles\release\moc_comboboxitemdelegate.cpp
d:\2018-10-23\vlwin2018-master\houselensuploader\.\generatedfiles\release\moc_dngconverter.cpp
d:\2018-10-23\vlwin2018-master\houselensuploader\.\generatedfiles\release\moc_exttablemodel.cpp
d:\2018-10-23\vlwin2018-master\houselensuploader\.\generatedfiles\release\moc_filecopier.cpp
d:\2018-10-23\vlwin2018-master\houselensuploader\.\generatedfiles\release\moc_ftpuploader.cpp
d:\2018-10-23\vlwin2018-master\houselensuploader\.\generatedfiles\release\moc_ftpuploadermanager.cpp
d:\2018-10-23\vlwin2018-master\houselensuploader\.\generatedfiles\release\moc_imagecompressor.cpp
d:\2018-10-23\vlwin2018-master\houselensuploader\.\generatedfiles\release\moc_imageviewer.cpp
d:\2018-10-23\vlwin2018-master\houselensuploader\.\generatedfiles\release\moc_mailsender.cpp
d:\2018-10-23\vlwin2018-master\houselensuploader\.\generatedfiles\release\moc_mainwindow.cpp
d:\2018-10-23\vlwin2018-master\houselensuploader\.\generatedfiles\release\moc_movieconverter.cpp
d:\2018-10-23\vlwin2018-master\houselensuploader\.\generatedfiles\release\moc_mysettings.cpp
d:\2018-10-23\vlwin2018-master\houselensuploader\.\generatedfiles\release\moc_parallelanimationgroup.cpp
d:\2018-10-23\vlwin2018-master\houselensuploader\.\generatedfiles\release\moc_preference.cpp
d:\2018-10-23\vlwin2018-master\houselensuploader\.\generatedfiles\release\moc_preferencedialog.cpp
d:\2018-10-23\vlwin2018-master\houselensuploader\.\generatedfiles\release\moc_propertyanimation.cpp
d:\2018-10-23\vlwin2018-master\houselensuploader\.\generatedfiles\release\moc_scrollarea.cpp
d:\2018-10-23\vlwin2018-master\houselensuploader\.\generatedfiles\release\moc_scrollareaviewportwidget.cpp
d:\2018-10-23\vlwin2018-master\houselensuploader\.\generatedfiles\release\moc_sequentialanimationgroup.cpp
d:\2018-10-23\vlwin2018-master\houselensuploader\.\generatedfiles\release\moc_servertablemodel.cpp
d:\2018-10-23\vlwin2018-master\houselensuploader\.\generatedfiles\release\moc_settingfactory.cpp
d:\2018-10-23\vlwin2018-master\houselensuploader\.\generatedfiles\release\moc_shelltask.cpp
d:\2018-10-23\vlwin2018-master\houselensuploader\.\generatedfiles\release\moc_tablemodel.cpp
d:\2018-10-23\vlwin2018-master\houselensuploader\.\generatedfiles\release\moc_taskeditwidget.cpp
d:\2018-10-23\vlwin2018-master\houselensuploader\.\generatedfiles\release\moc_tasklistcontainer.cpp
d:\2018-10-23\vlwin2018-master\houselensuploader\.\generatedfiles\release\moc_taskwidget.cpp
d:\2018-10-23\vlwin2018-master\houselensuploader\.\generatedfiles\release\moc_webservicenotifier.cpp
d:\2018-10-23\vlwin2018-master\houselensuploader\.\generatedfiles\release\moc_zipper.cpp
d:\2018-10-23\vlwin2018-master\houselensuploader\.\generatedfiles\qrc_resource.cpp
d:\2018-10-23\vlwin2018-master\houselensuploader\.\generatedfiles\ui_mainwindow.h
d:\2018-10-23\vlwin2018-master\houselensuploader\.\generatedfiles\ui_preferencedialog.h
d:\2018-10-23\vlwin2018-master\houselensuploader\.\generatedfiles\ui_taskeditwidget.h
d:\2018-10-23\vlwin2018-master\houselensuploader\.\generatedfiles\ui_taskwidget.h
d:\2018-10-23\vlwin2018-master\houselensuploader\x64\release\houselensuploader.res
d:\rjg\houselensuploader\x64\release\applicationdefine.obj
d:\rjg\houselensuploader\x64\release\comboboxitemdelegate.obj
d:\rjg\houselensuploader\x64\release\dngconverter.obj
d:\rjg\houselensuploader\x64\release\error.obj
d:\rjg\houselensuploader\x64\release\exttablemodel.obj
d:\rjg\houselensuploader\x64\release\filecopier.obj
d:\rjg\houselensuploader\x64\release\ftpuploader.obj
d:\rjg\houselensuploader\x64\release\ftpuploadermanager.obj
d:\rjg\houselensuploader\x64\release\imagecompressor.obj
d:\rjg\houselensuploader\x64\release\imageviewer.obj
d:\rjg\houselensuploader\x64\release\mailsender.obj
d:\rjg\houselensuploader\x64\release\main.obj
d:\rjg\houselensuploader\x64\release\mainwindow.obj
d:\rjg\houselensuploader\x64\release\moc_comboboxitemdelegate.obj
d:\rjg\houselensuploader\x64\release\moc_dngconverter.obj
d:\rjg\houselensuploader\x64\release\moc_error.obj
d:\rjg\houselensuploader\x64\release\moc_exttablemodel.obj
d:\rjg\houselensuploader\x64\release\moc_filecopier.obj
d:\rjg\houselensuploader\x64\release\moc_ftpuploader.obj
d:\rjg\houselensuploader\x64\release\moc_ftpuploadermanager.obj
d:\rjg\houselensuploader\x64\release\moc_imagecompressor.obj
d:\rjg\houselensuploader\x64\release\moc_imageviewer.obj
d:\rjg\houselensuploader\x64\release\moc_mailsender.obj
d:\rjg\houselensuploader\x64\release\moc_mainwindow.obj
d:\rjg\houselensuploader\x64\release\moc_movieconverter.obj
d:\rjg\houselensuploader\x64\release\moc_mysettings.obj
d:\rjg\houselensuploader\x64\release\moc_parallelanimationgroup.obj
d:\rjg\houselensuploader\x64\release\moc_preference.obj
d:\rjg\houselensuploader\x64\release\moc_preferencedialog.obj
d:\rjg\houselensuploader\x64\release\moc_propertyanimation.obj
d:\rjg\houselensuploader\x64\release\moc_qprogressindicator.obj
d:\rjg\houselensuploader\x64\release\moc_scrollarea.obj
d:\rjg\houselensuploader\x64\release\moc_scrollareaviewportwidget.obj
d:\rjg\houselensuploader\x64\release\moc_sequentialanimationgroup.obj
d:\rjg\houselensuploader\x64\release\moc_servertablemodel.obj
d:\rjg\houselensuploader\x64\release\moc_settingfactory.obj
d:\rjg\houselensuploader\x64\release\moc_shelltask.obj
d:\rjg\houselensuploader\x64\release\moc_tablemodel.obj
d:\rjg\houselensuploader\x64\release\moc_taskeditwidget.obj
d:\rjg\houselensuploader\x64\release\moc_tasklistcontainer.obj
d:\rjg\houselensuploader\x64\release\moc_taskwidget.obj
d:\rjg\houselensuploader\x64\release\moc_webservicenotifier.obj
d:\rjg\houselensuploader\x64\release\moc_zipper.obj
d:\rjg\houselensuploader\x64\release\movieconverter.obj
d:\rjg\houselensuploader\x64\release\mysettings.obj
d:\rjg\houselensuploader\x64\release\parallelanimationgroup.obj
d:\rjg\houselensuploader\x64\release\preference.obj
d:\rjg\houselensuploader\x64\release\preferencedialog.obj
d:\rjg\houselensuploader\x64\release\propertyanimation.obj
d:\rjg\houselensuploader\x64\release\qprogressindicator.obj
d:\rjg\houselensuploader\x64\release\qrc_resource.obj
d:\rjg\houselensuploader\x64\release\scrollarea.obj
d:\rjg\houselensuploader\x64\release\scrollareaviewportwidget.obj
d:\rjg\houselensuploader\x64\release\sequentialanimationgroup.obj
d:\rjg\houselensuploader\x64\release\servertablemodel.obj
d:\rjg\houselensuploader\x64\release\settingfactory.obj
d:\rjg\houselensuploader\x64\release\shelltask.obj
d:\rjg\houselensuploader\x64\release\shoottitledatasource.obj
d:\rjg\houselensuploader\x64\release\tablemodel.obj
d:\rjg\houselensuploader\x64\release\taskeditwidget.obj
d:\rjg\houselensuploader\x64\release\tasklistcontainer.obj
d:\rjg\houselensuploader\x64\release\taskwidget.obj
d:\rjg\houselensuploader\x64\release\webservicenotifier.obj
d:\rjg\houselensuploader\x64\release\zipper.obj
d:\rjg\houselensuploader\x64\release\houselensuploader.res
d:\rjg\houselensuploader\x64\release\houselen.5344004c.tlog\cl.command.1.tlog
d:\rjg\houselensuploader\x64\release\houselen.5344004c.tlog\cl.read.1.tlog
d:\rjg\houselensuploader\x64\release\houselen.5344004c.tlog\cl.write.1.tlog
d:\rjg\houselensuploader\x64\release\houselen.5344004c.tlog\custombuild.command.1.tlog
d:\rjg\houselensuploader\x64\release\houselen.5344004c.tlog\custombuild.read.1.tlog
d:\rjg\houselensuploader\x64\release\houselen.5344004c.tlog\custombuild.write.1.tlog
d:\rjg\houselensuploader\x64\release\houselen.5344004c.tlog\houselensuploader.write.1u.tlog
d:\rjg\houselensuploader\x64\release\houselen.5344004c.tlog\link.command.1.tlog
d:\rjg\houselensuploader\x64\release\houselen.5344004c.tlog\link.read.1.tlog
d:\rjg\houselensuploader\x64\release\houselen.5344004c.tlog\link.write.1.tlog
d:\rjg\houselensuploader\x64\release\houselen.5344004c.tlog\qtmoc.read.1u.tlog
d:\rjg\houselensuploader\x64\release\houselen.5344004c.tlog\qtmoc.write.1u.tlog
d:\rjg\houselensuploader\x64\release\houselen.5344004c.tlog\qtrcc.read.1u.tlog
d:\rjg\houselensuploader\x64\release\houselen.5344004c.tlog\qtrcc.write.1u.tlog
d:\rjg\houselensuploader\x64\release\houselen.5344004c.tlog\qtuic.read.1u.tlog
d:\rjg\houselensuploader\x64\release\houselen.5344004c.tlog\qtuic.write.1u.tlog
d:\rjg\houselensuploader\x64\release\houselen.5344004c.tlog\rc.command.1.tlog
d:\rjg\houselensuploader\x64\release\houselen.5344004c.tlog\rc.read.1.tlog
d:\rjg\houselensuploader\x64\release\houselen.5344004c.tlog\rc.write.1.tlog
