d:\2018-10-23\vlwin2018-master\houselensuploader\x64\debug\qprogressindicator.obj
d:\2018-10-23\vlwin2018-master\houselensuploader\x64\debug\filecopier.obj
d:\2018-10-23\vlwin2018-master\houselensuploader\x64\debug\imageviewer.obj
d:\2018-10-23\vlwin2018-master\houselensuploader\x64\debug\parallelanimationgroup.obj
d:\2018-10-23\vlwin2018-master\houselensuploader\x64\debug\scrollareaviewportwidget.obj
d:\2018-10-23\vlwin2018-master\houselensuploader\x64\debug\settingfactory.obj
d:\2018-10-23\vlwin2018-master\houselensuploader\x64\debug\taskeditwidget.obj
d:\2018-10-23\vlwin2018-master\houselensuploader\x64\debug\comboboxitemdelegate.obj
d:\2018-10-23\vlwin2018-master\houselensuploader\x64\debug\ftpuploader.obj
d:\2018-10-23\vlwin2018-master\houselensuploader\x64\debug\mailsender.obj
d:\2018-10-23\vlwin2018-master\houselensuploader\x64\debug\movieconverter.obj
d:\2018-10-23\vlwin2018-master\houselensuploader\x64\debug\preference.obj
d:\2018-10-23\vlwin2018-master\houselensuploader\x64\debug\scrollarea.obj
d:\2018-10-23\vlwin2018-master\houselensuploader\x64\debug\shelltask.obj
d:\2018-10-23\vlwin2018-master\houselensuploader\x64\debug\tasklistcontainer.obj
d:\2018-10-23\vlwin2018-master\houselensuploader\x64\debug\zipper.obj
d:\2018-10-23\vlwin2018-master\houselensuploader\x64\debug\applicationdefine.obj
d:\2018-10-23\vlwin2018-master\houselensuploader\x64\debug\dngconverter.obj
d:\2018-10-23\vlwin2018-master\houselensuploader\x64\debug\ftpuploadermanager.obj
d:\2018-10-23\vlwin2018-master\houselensuploader\x64\debug\main.obj
d:\2018-10-23\vlwin2018-master\houselensuploader\x64\debug\mysettings.obj
d:\2018-10-23\vlwin2018-master\houselensuploader\x64\debug\propertyanimation.obj
d:\2018-10-23\vlwin2018-master\houselensuploader\x64\debug\sequentialanimationgroup.obj
d:\2018-10-23\vlwin2018-master\houselensuploader\x64\debug\shoottitledatasource.obj
d:\2018-10-23\vlwin2018-master\houselensuploader\x64\debug\taskwidget.obj
d:\2018-10-23\vlwin2018-master\houselensuploader\x64\debug\error.obj
d:\2018-10-23\vlwin2018-master\houselensuploader\x64\debug\exttablemodel.obj
d:\2018-10-23\vlwin2018-master\houselensuploader\x64\debug\imagecompressor.obj
d:\2018-10-23\vlwin2018-master\houselensuploader\x64\debug\mainwindow.obj
d:\2018-10-23\vlwin2018-master\houselensuploader\x64\debug\preferencedialog.obj
d:\2018-10-23\vlwin2018-master\houselensuploader\x64\debug\servertablemodel.obj
d:\2018-10-23\vlwin2018-master\houselensuploader\x64\debug\tablemodel.obj
d:\2018-10-23\vlwin2018-master\houselensuploader\x64\debug\webservicenotifier.obj
d:\2018-10-23\vlwin2018-master\houselensuploader\x64\debug\vc140.pdb
d:\2018-10-23\vlwin2018-master\houselensuploader\x64\debug\moc_dngconverter.obj
d:\2018-10-23\vlwin2018-master\houselensuploader\x64\debug\moc_filecopier.obj
d:\2018-10-23\vlwin2018-master\houselensuploader\x64\debug\moc_imageviewer.obj
d:\2018-10-23\vlwin2018-master\houselensuploader\x64\debug\moc_mysettings.obj
d:\2018-10-23\vlwin2018-master\houselensuploader\x64\debug\moc_preferencedialog.obj
d:\2018-10-23\vlwin2018-master\houselensuploader\x64\debug\moc_servertablemodel.obj
d:\2018-10-23\vlwin2018-master\houselensuploader\x64\debug\moc_taskeditwidget.obj
d:\2018-10-23\vlwin2018-master\houselensuploader\x64\debug\qrc_resource.obj
d:\2018-10-23\vlwin2018-master\houselensuploader\x64\debug\moc_comboboxitemdelegate.obj
d:\2018-10-23\vlwin2018-master\houselensuploader\x64\debug\moc_ftpuploadermanager.obj
d:\2018-10-23\vlwin2018-master\houselensuploader\x64\debug\moc_mainwindow.obj
d:\2018-10-23\vlwin2018-master\houselensuploader\x64\debug\moc_scrollarea.obj
d:\2018-10-23\vlwin2018-master\houselensuploader\x64\debug\moc_settingfactory.obj
d:\2018-10-23\vlwin2018-master\houselensuploader\x64\debug\moc_tasklistcontainer.obj
d:\2018-10-23\vlwin2018-master\houselensuploader\x64\debug\moc_zipper.obj
d:\2018-10-23\vlwin2018-master\houselensuploader\x64\debug\moc_error.obj
d:\2018-10-23\vlwin2018-master\houselensuploader\x64\debug\moc_exttablemodel.obj
d:\2018-10-23\vlwin2018-master\houselensuploader\x64\debug\moc_imagecompressor.obj
d:\2018-10-23\vlwin2018-master\houselensuploader\x64\debug\moc_movieconverter.obj
d:\2018-10-23\vlwin2018-master\houselensuploader\x64\debug\moc_preference.obj
d:\2018-10-23\vlwin2018-master\houselensuploader\x64\debug\moc_scrollareaviewportwidget.obj
d:\2018-10-23\vlwin2018-master\houselensuploader\x64\debug\moc_shelltask.obj
d:\2018-10-23\vlwin2018-master\houselensuploader\x64\debug\moc_taskwidget.obj
d:\2018-10-23\vlwin2018-master\houselensuploader\x64\debug\moc_qprogressindicator.obj
d:\2018-10-23\vlwin2018-master\houselensuploader\x64\debug\moc_ftpuploader.obj
d:\2018-10-23\vlwin2018-master\houselensuploader\x64\debug\moc_mailsender.obj
d:\2018-10-23\vlwin2018-master\houselensuploader\x64\debug\moc_parallelanimationgroup.obj
d:\2018-10-23\vlwin2018-master\houselensuploader\x64\debug\moc_propertyanimation.obj
d:\2018-10-23\vlwin2018-master\houselensuploader\x64\debug\moc_sequentialanimationgroup.obj
d:\2018-10-23\vlwin2018-master\houselensuploader\x64\debug\moc_tablemodel.obj
d:\2018-10-23\vlwin2018-master\houselensuploader\x64\debug\moc_webservicenotifier.obj
d:\2018-10-23\vlwin2018-master\houselensuploader\debug\moc_predefs.h
d:\2018-10-23\vlwin2018-master\houselensuploader\generatedfiles\debug\moc_error.cpp
d:\2018-10-23\vlwin2018-master\houselensuploader\generatedfiles\debug\moc_qprogressindicator.cpp
d:\2018-10-23\vlwin2018-master\houselensuploader\generatedfiles\debug\moc_comboboxitemdelegate.cpp
d:\2018-10-23\vlwin2018-master\houselensuploader\generatedfiles\debug\moc_dngconverter.cpp
d:\2018-10-23\vlwin2018-master\houselensuploader\generatedfiles\debug\moc_exttablemodel.cpp
d:\2018-10-23\vlwin2018-master\houselensuploader\generatedfiles\debug\moc_filecopier.cpp
d:\2018-10-23\vlwin2018-master\houselensuploader\generatedfiles\debug\moc_ftpuploader.cpp
d:\2018-10-23\vlwin2018-master\houselensuploader\generatedfiles\debug\moc_ftpuploadermanager.cpp
d:\2018-10-23\vlwin2018-master\houselensuploader\generatedfiles\debug\moc_imagecompressor.cpp
d:\2018-10-23\vlwin2018-master\houselensuploader\generatedfiles\debug\moc_imageviewer.cpp
d:\2018-10-23\vlwin2018-master\houselensuploader\generatedfiles\debug\moc_mailsender.cpp
d:\2018-10-23\vlwin2018-master\houselensuploader\generatedfiles\debug\moc_mainwindow.cpp
d:\2018-10-23\vlwin2018-master\houselensuploader\generatedfiles\debug\moc_movieconverter.cpp
d:\2018-10-23\vlwin2018-master\houselensuploader\generatedfiles\debug\moc_mysettings.cpp
d:\2018-10-23\vlwin2018-master\houselensuploader\generatedfiles\debug\moc_parallelanimationgroup.cpp
d:\2018-10-23\vlwin2018-master\houselensuploader\generatedfiles\debug\moc_preference.cpp
d:\2018-10-23\vlwin2018-master\houselensuploader\generatedfiles\debug\moc_preferencedialog.cpp
d:\2018-10-23\vlwin2018-master\houselensuploader\generatedfiles\debug\moc_propertyanimation.cpp
d:\2018-10-23\vlwin2018-master\houselensuploader\generatedfiles\debug\moc_scrollarea.cpp
d:\2018-10-23\vlwin2018-master\houselensuploader\generatedfiles\debug\moc_scrollareaviewportwidget.cpp
d:\2018-10-23\vlwin2018-master\houselensuploader\generatedfiles\debug\moc_sequentialanimationgroup.cpp
d:\2018-10-23\vlwin2018-master\houselensuploader\generatedfiles\debug\moc_servertablemodel.cpp
d:\2018-10-23\vlwin2018-master\houselensuploader\generatedfiles\debug\moc_settingfactory.cpp
d:\2018-10-23\vlwin2018-master\houselensuploader\generatedfiles\debug\moc_shelltask.cpp
d:\2018-10-23\vlwin2018-master\houselensuploader\generatedfiles\debug\moc_tablemodel.cpp
d:\2018-10-23\vlwin2018-master\houselensuploader\generatedfiles\debug\moc_taskeditwidget.cpp
d:\2018-10-23\vlwin2018-master\houselensuploader\generatedfiles\debug\moc_tasklistcontainer.cpp
d:\2018-10-23\vlwin2018-master\houselensuploader\generatedfiles\debug\moc_taskwidget.cpp
d:\2018-10-23\vlwin2018-master\houselensuploader\generatedfiles\debug\moc_webservicenotifier.cpp
d:\2018-10-23\vlwin2018-master\houselensuploader\generatedfiles\debug\moc_zipper.cpp
d:\2018-10-23\vlwin2018-master\houselensuploader\generatedfiles\qrc_resource.cpp
d:\2018-10-23\vlwin2018-master\houselensuploader\generatedfiles\ui_mainwindow.h
d:\2018-10-23\vlwin2018-master\houselensuploader\generatedfiles\ui_preferencedialog.h
d:\2018-10-23\vlwin2018-master\houselensuploader\generatedfiles\ui_taskeditwidget.h
d:\2018-10-23\vlwin2018-master\houselensuploader\generatedfiles\ui_taskwidget.h
d:\2018-10-23\vlwin2018-master\houselensuploader\debug\houselensuploader.exe
d:\2018-10-23\vlwin2018-master\houselensuploader\debug\houselensuploader.pdb
d:\2018-10-23\vlwin2018-master\houselensuploader\.\generatedfiles\debug\moc_error.cpp
d:\2018-10-23\vlwin2018-master\houselensuploader\.\generatedfiles\debug\moc_qprogressindicator.cpp
d:\2018-10-23\vlwin2018-master\houselensuploader\.\generatedfiles\debug\moc_comboboxitemdelegate.cpp
d:\2018-10-23\vlwin2018-master\houselensuploader\.\generatedfiles\debug\moc_dngconverter.cpp
d:\2018-10-23\vlwin2018-master\houselensuploader\.\generatedfiles\debug\moc_exttablemodel.cpp
d:\2018-10-23\vlwin2018-master\houselensuploader\.\generatedfiles\debug\moc_filecopier.cpp
d:\2018-10-23\vlwin2018-master\houselensuploader\.\generatedfiles\debug\moc_ftpuploader.cpp
d:\2018-10-23\vlwin2018-master\houselensuploader\.\generatedfiles\debug\moc_ftpuploadermanager.cpp
d:\2018-10-23\vlwin2018-master\houselensuploader\.\generatedfiles\debug\moc_imagecompressor.cpp
d:\2018-10-23\vlwin2018-master\houselensuploader\.\generatedfiles\debug\moc_imageviewer.cpp
d:\2018-10-23\vlwin2018-master\houselensuploader\.\generatedfiles\debug\moc_mailsender.cpp
d:\2018-10-23\vlwin2018-master\houselensuploader\.\generatedfiles\debug\moc_mainwindow.cpp
d:\2018-10-23\vlwin2018-master\houselensuploader\.\generatedfiles\debug\moc_movieconverter.cpp
d:\2018-10-23\vlwin2018-master\houselensuploader\.\generatedfiles\debug\moc_mysettings.cpp
d:\2018-10-23\vlwin2018-master\houselensuploader\.\generatedfiles\debug\moc_parallelanimationgroup.cpp
d:\2018-10-23\vlwin2018-master\houselensuploader\.\generatedfiles\debug\moc_preference.cpp
d:\2018-10-23\vlwin2018-master\houselensuploader\.\generatedfiles\debug\moc_preferencedialog.cpp
d:\2018-10-23\vlwin2018-master\houselensuploader\.\generatedfiles\debug\moc_propertyanimation.cpp
d:\2018-10-23\vlwin2018-master\houselensuploader\.\generatedfiles\debug\moc_scrollarea.cpp
d:\2018-10-23\vlwin2018-master\houselensuploader\.\generatedfiles\debug\moc_scrollareaviewportwidget.cpp
d:\2018-10-23\vlwin2018-master\houselensuploader\.\generatedfiles\debug\moc_sequentialanimationgroup.cpp
d:\2018-10-23\vlwin2018-master\houselensuploader\.\generatedfiles\debug\moc_servertablemodel.cpp
d:\2018-10-23\vlwin2018-master\houselensuploader\.\generatedfiles\debug\moc_settingfactory.cpp
d:\2018-10-23\vlwin2018-master\houselensuploader\.\generatedfiles\debug\moc_shelltask.cpp
d:\2018-10-23\vlwin2018-master\houselensuploader\.\generatedfiles\debug\moc_tablemodel.cpp
d:\2018-10-23\vlwin2018-master\houselensuploader\.\generatedfiles\debug\moc_taskeditwidget.cpp
d:\2018-10-23\vlwin2018-master\houselensuploader\.\generatedfiles\debug\moc_tasklistcontainer.cpp
d:\2018-10-23\vlwin2018-master\houselensuploader\.\generatedfiles\debug\moc_taskwidget.cpp
d:\2018-10-23\vlwin2018-master\houselensuploader\.\generatedfiles\debug\moc_webservicenotifier.cpp
d:\2018-10-23\vlwin2018-master\houselensuploader\.\generatedfiles\debug\moc_zipper.cpp
d:\2018-10-23\vlwin2018-master\houselensuploader\.\generatedfiles\qrc_resource.cpp
d:\2018-10-23\vlwin2018-master\houselensuploader\.\generatedfiles\ui_mainwindow.h
d:\2018-10-23\vlwin2018-master\houselensuploader\.\generatedfiles\ui_preferencedialog.h
d:\2018-10-23\vlwin2018-master\houselensuploader\.\generatedfiles\ui_taskeditwidget.h
d:\2018-10-23\vlwin2018-master\houselensuploader\.\generatedfiles\ui_taskwidget.h
d:\2018-10-23\vlwin2018-master\houselensuploader\x64\debug\houselensuploader.res
d:\2018-10-23\vlwin2018-master\houselensuploader\x64\debug\houselen.5344004c.tlog\cl.command.1.tlog
d:\2018-10-23\vlwin2018-master\houselensuploader\x64\debug\houselen.5344004c.tlog\cl.read.1.tlog
d:\2018-10-23\vlwin2018-master\houselensuploader\x64\debug\houselen.5344004c.tlog\cl.write.1.tlog
d:\2018-10-23\vlwin2018-master\houselensuploader\x64\debug\houselen.5344004c.tlog\custombuild.command.1.tlog
d:\2018-10-23\vlwin2018-master\houselensuploader\x64\debug\houselen.5344004c.tlog\custombuild.read.1.tlog
d:\2018-10-23\vlwin2018-master\houselensuploader\x64\debug\houselen.5344004c.tlog\custombuild.write.1.tlog
d:\2018-10-23\vlwin2018-master\houselensuploader\x64\debug\houselen.5344004c.tlog\houselensuploader.write.1u.tlog
d:\2018-10-23\vlwin2018-master\houselensuploader\x64\debug\houselen.5344004c.tlog\link.command.1.tlog
d:\2018-10-23\vlwin2018-master\houselensuploader\x64\debug\houselen.5344004c.tlog\link.read.1.tlog
d:\2018-10-23\vlwin2018-master\houselensuploader\x64\debug\houselen.5344004c.tlog\link.write.1.tlog
d:\2018-10-23\vlwin2018-master\houselensuploader\x64\debug\houselen.5344004c.tlog\qtmoc.read.1u.tlog
d:\2018-10-23\vlwin2018-master\houselensuploader\x64\debug\houselen.5344004c.tlog\qtmoc.write.1u.tlog
d:\2018-10-23\vlwin2018-master\houselensuploader\x64\debug\houselen.5344004c.tlog\qtrcc.read.1u.tlog
d:\2018-10-23\vlwin2018-master\houselensuploader\x64\debug\houselen.5344004c.tlog\qtrcc.write.1u.tlog
d:\2018-10-23\vlwin2018-master\houselensuploader\x64\debug\houselen.5344004c.tlog\qtuic.read.1u.tlog
d:\2018-10-23\vlwin2018-master\houselensuploader\x64\debug\houselen.5344004c.tlog\qtuic.write.1u.tlog
d:\2018-10-23\vlwin2018-master\houselensuploader\x64\debug\houselen.5344004c.tlog\rc.command.1.tlog
d:\2018-10-23\vlwin2018-master\houselensuploader\x64\debug\houselen.5344004c.tlog\rc.read.1.tlog
d:\2018-10-23\vlwin2018-master\houselensuploader\x64\debug\houselen.5344004c.tlog\rc.write.1.tlog
