  Generate moc_predefs.h
  Moc'ing Error.h...
  Moc'ing QProgressIndicator.h...
  Moc'ing comboboxitemdelegate.h...
  Moc'ing dngconverter.h...
  Moc'ing exttablemodel.h...
  Moc'ing filecopier.h...
  Moc'ing ftpuploader.h...
  Moc'ing ftpuploadermanager.h...
  Moc'ing imagecompressor.h...
  Moc'ing imageviewer.h...
  Moc'ing mailsender.h...
  Moc'ing mainwindow.h...
  Moc'ing movieconverter.h...
  Moc'ing mysettings.h...
  Moc'ing parallelanimationgroup.h...
  Moc'ing preference.h...
  Moc'ing preferencedialog.h...
  Moc'ing propertyanimation.h...
  Moc'ing scrollarea.h...
  Moc'ing scrollareaviewportwidget.h...
  Moc'ing sequentialanimationgroup.h...
  Moc'ing servertablemodel.h...
  Moc'ing settingfactory.h...
  Moc'ing shelltask.h...
  Moc'ing tablemodel.h...
  Moc'ing taskeditwidget.h...
  Moc'ing tasklistcontainer.h...
  Moc'ing taskwidget.h...
  Moc'ing webservicenotifier.h...
  Moc'ing zipper.h...
  Rcc'ing resource.qrc...
  Uic'ing mainwindow.ui...
  Uic'ing preferencedialog.ui...
  Uic'ing taskeditwidget.ui...
  Uic'ing taskwidget.ui...
  ApplicationDefine.cpp
  Error.cpp
  QProgressIndicator.cpp
  comboboxitemdelegate.cpp
ApplicationDefine.cpp(60): warning C4100: 'option': unreferenced formal parameter
  dngconverter.cpp
  exttablemodel.cpp
  filecopier.cpp
  ftpuploader.cpp
  ftpuploadermanager.cpp
  imagecompressor.cpp
  imageviewer.cpp
ftpuploader.cpp(180): warning C4189: 'qh': local variable is initialized but not referenced
  mailsender.cpp
  main.cpp
  mainwindow.cpp
  movieconverter.cpp
  mysettings.cpp
  parallelanimationgroup.cpp
  preference.cpp
  preferencedialog.cpp
  propertyanimation.cpp
  scrollarea.cpp
  scrollareaviewportwidget.cpp
  sequentialanimationgroup.cpp
  servertablemodel.cpp
  settingfactory.cpp
  shelltask.cpp
  shoottitledatasource.cpp
  tablemodel.cpp
  taskeditwidget.cpp
  tasklistcontainer.cpp
  taskwidget.cpp
  webservicenotifier.cpp
  zipper.cpp
  moc_Error.cpp
  moc_QProgressIndicator.cpp
  moc_comboboxitemdelegate.cpp
  moc_dngconverter.cpp
  moc_exttablemodel.cpp
  moc_filecopier.cpp
  moc_ftpuploader.cpp
  moc_ftpuploadermanager.cpp
  moc_imagecompressor.cpp
  moc_imageviewer.cpp
  moc_mailsender.cpp
  moc_mainwindow.cpp
  moc_movieconverter.cpp
  moc_mysettings.cpp
  moc_parallelanimationgroup.cpp
  moc_preference.cpp
  moc_preferencedialog.cpp
  moc_propertyanimation.cpp
  moc_scrollarea.cpp
  moc_scrollareaviewportwidget.cpp
  moc_sequentialanimationgroup.cpp
  moc_servertablemodel.cpp
  moc_settingfactory.cpp
  moc_shelltask.cpp
  moc_tablemodel.cpp
  moc_taskeditwidget.cpp
  moc_tasklistcontainer.cpp
  moc_taskwidget.cpp
  moc_webservicenotifier.cpp
  moc_zipper.cpp
  qrc_resource.cpp
  HouseLensUploader.vcxproj -> D:\2018-10-23\VLWin2018-master\HouseLensUploader\debug\HouseLensUploader.exe
  HouseLensUploader.vcxproj -> debug\HouseLensUploader.pdb (Full PDB)
